<?xml version="1.0" encoding="UTF-8"?>
<overrides>
	<properties>
		<db>mydatabase</db>
		<sharedPath>./spring</sharedPath>
	</properties>
	<spring>
		<import file="${sharedPath}/imported-config.xml"/>
		<set bean="testBean" property="simpleRef" ref="newBean"/>
		<add bean="testBean" property="collectionRef"ref="newBean"/>
	</spring>
</overrides>
